[debug] [2026-04-07T07:38:32.303Z] ----------------------------------------------------------------------
[debug] [2026-04-07T07:38:32.310Z] Command:       /usr/local/bin/node /usr/local/bin/firebase deploy --only hosting
[debug] [2026-04-07T07:38:32.310Z] CLI Version:   15.5.1
[debug] [2026-04-07T07:38:32.311Z] Platform:      darwin
[debug] [2026-04-07T07:38:32.311Z] Node Version:  v22.16.0
[debug] [2026-04-07T07:38:32.311Z] Time:          Tue Apr 07 2026 13:08:32 GMT+0530 (India Standard Time)
[debug] [2026-04-07T07:38:32.311Z] ----------------------------------------------------------------------
[debug] 
[debug] [2026-04-07T07:38:32.313Z] >>> [apiv2][query] GET https://firebase-public.firebaseio.com/cli.json [none]
[debug] [2026-04-07T07:38:33.393Z] > command requires scopes: ["email","openid","https://www.googleapis.com/auth/cloudplatformprojects.readonly","https://www.googleapis.com/auth/firebase","https://www.googleapis.com/auth/cloud-platform"]
[debug] [2026-04-07T07:38:33.393Z] > authorizing via signed-in user (dibzhost@gmail.com)
[debug] [2026-04-07T07:38:33.393Z] [iam] checking project uniship-4c1a1 for permissions ["firebase.projects.get","firebasehosting.sites.update"]
[debug] [2026-04-07T07:38:33.393Z] Checked if tokens are valid: false, expires at: 1774837240695
[debug] [2026-04-07T07:38:33.393Z] Checked if tokens are valid: false, expires at: 1774837240695
[debug] [2026-04-07T07:38:33.393Z] > refreshing access token with scopes: []
[debug] [2026-04-07T07:38:33.394Z] >>> [apiv2][query] POST https://www.googleapis.com/oauth2/v3/token [none]
[debug] [2026-04-07T07:38:33.394Z] >>> [apiv2][body] POST https://www.googleapis.com/oauth2/v3/token [omitted]
[debug] [2026-04-07T07:38:33.684Z] <<< [apiv2][status] POST https://www.googleapis.com/oauth2/v3/token 200
[debug] [2026-04-07T07:38:33.685Z] <<< [apiv2][body] POST https://www.googleapis.com/oauth2/v3/token [omitted]
[debug] [2026-04-07T07:38:33.717Z] >>> [apiv2][query] POST https://cloudresourcemanager.googleapis.com/v1/projects/uniship-4c1a1:testIamPermissions [none]
[debug] [2026-04-07T07:38:33.717Z] >>> [apiv2][(partial)header] POST https://cloudresourcemanager.googleapis.com/v1/projects/uniship-4c1a1:testIamPermissions  x-goog-user-project=uniship-4c1a1
[debug] [2026-04-07T07:38:33.717Z] >>> [apiv2][body] POST https://cloudresourcemanager.googleapis.com/v1/projects/uniship-4c1a1:testIamPermissions {"permissions":["firebase.projects.get","firebasehosting.sites.update"]}
[debug] [2026-04-07T07:38:34.028Z] <<< [apiv2][status] GET https://firebase-public.firebaseio.com/cli.json 200
[debug] [2026-04-07T07:38:34.028Z] <<< [apiv2][body] GET https://firebase-public.firebaseio.com/cli.json {"cloudBuildErrorAfter":1594252800000,"cloudBuildWarnAfter":1590019200000,"defaultNode10After":1594252800000,"minVersion":"3.0.5","node8DeploysDisabledAfter":1613390400000,"node8RuntimeDisabledAfter":1615809600000,"node8WarnAfter":1600128000000}
[debug] [2026-04-07T07:38:35.070Z] <<< [apiv2][status] POST https://cloudresourcemanager.googleapis.com/v1/projects/uniship-4c1a1:testIamPermissions 200
[debug] [2026-04-07T07:38:35.071Z] <<< [apiv2][body] POST https://cloudresourcemanager.googleapis.com/v1/projects/uniship-4c1a1:testIamPermissions {"permissions":["firebase.projects.get","firebasehosting.sites.update"]}
[debug] [2026-04-07T07:38:35.073Z] Checked if tokens are valid: true, expires at: 1775551112685
[debug] [2026-04-07T07:38:35.073Z] Checked if tokens are valid: true, expires at: 1775551112685
[debug] [2026-04-07T07:38:35.074Z] >>> [apiv2][query] GET https://firebase.googleapis.com/v1beta1/projects/uniship-4c1a1 [none]
[debug] [2026-04-07T07:38:35.572Z] <<< [apiv2][status] GET https://firebase.googleapis.com/v1beta1/projects/uniship-4c1a1 200
[debug] [2026-04-07T07:38:35.572Z] <<< [apiv2][body] GET https://firebase.googleapis.com/v1beta1/projects/uniship-4c1a1 {"projectId":"uniship-4c1a1","projectNumber":"1051779016295","displayName":"Dibz","name":"projects/uniship-4c1a1","resources":{"hostingSite":"uniship-4c1a1"},"state":"ACTIVE","etag":"1_bd6689a6-2e84-468e-9d17-2c08d756718f"}
[debug] [2026-04-07T07:38:36.551Z] Checked if tokens are valid: true, expires at: 1775551112685
[debug] [2026-04-07T07:38:36.551Z] Checked if tokens are valid: true, expires at: 1775551112685
[debug] [2026-04-07T07:38:36.551Z] >>> [apiv2][query] GET https://firebasehosting.googleapis.com/v1beta1/projects/uniship-4c1a1/sites pageToken=&pageSize=10
[debug] [2026-04-07T07:38:37.826Z] <<< [apiv2][status] GET https://firebasehosting.googleapis.com/v1beta1/projects/uniship-4c1a1/sites 200
[debug] [2026-04-07T07:38:37.826Z] <<< [apiv2][body] GET https://firebasehosting.googleapis.com/v1beta1/projects/uniship-4c1a1/sites {"sites":[{"name":"projects/uniship-4c1a1/sites/uniship-4c1a1","defaultUrl":"https://uniship-4c1a1.web.app","type":"DEFAULT_SITE"}]}
[debug] [2026-04-07T07:38:37.826Z] Checked if tokens are valid: true, expires at: 1775551112685
[debug] [2026-04-07T07:38:37.826Z] Checked if tokens are valid: true, expires at: 1775551112685
[debug] [2026-04-07T07:38:37.826Z] >>> [apiv2][query] GET https://firebasehosting.googleapis.com/v1beta1/projects/uniship-4c1a1/sites 
[debug] [2026-04-07T07:38:38.670Z] <<< [apiv2][status] GET https://firebasehosting.googleapis.com/v1beta1/projects/uniship-4c1a1/sites 200
[debug] [2026-04-07T07:38:38.670Z] <<< [apiv2][body] GET https://firebasehosting.googleapis.com/v1beta1/projects/uniship-4c1a1/sites {"sites":[{"name":"projects/uniship-4c1a1/sites/uniship-4c1a1","defaultUrl":"https://uniship-4c1a1.web.app","type":"DEFAULT_SITE"}]}
[debug] [2026-04-07T07:38:38.670Z] Checked if tokens are valid: true, expires at: 1775551112685
[debug] [2026-04-07T07:38:38.671Z] Checked if tokens are valid: true, expires at: 1775551112685
[debug] [2026-04-07T07:38:38.671Z] >>> [apiv2][query] GET https://firebase.googleapis.com/v1beta1/projects/uniship-4c1a1/webApps/-/config [none]
[debug] [2026-04-07T07:38:39.445Z] <<< [apiv2][status] GET https://firebase.googleapis.com/v1beta1/projects/uniship-4c1a1/webApps/-/config 200
[debug] [2026-04-07T07:38:39.445Z] <<< [apiv2][body] GET https://firebase.googleapis.com/v1beta1/projects/uniship-4c1a1/webApps/-/config {"projectId":"uniship-4c1a1","storageBucket":"uniship-4c1a1.firebasestorage.app","apiKey":"AIzaSyDYAJnVYI7YDGlzqPUv6y5Qid8zhASKZXc","authDomain":"uniship-4c1a1.firebaseapp.com","messagingSenderId":"1051779016295","projectNumber":"1051779016295","version":"2"}
[info] 
   Thank you for trying our early preview of Next.js support on Firebase Hosting.
   During the preview, support is best-effort and breaking changes can be expected. Proceed with caution.
   The integration is known to work with Next.js version 12 - 15.0. You may encounter errors.

   Documentation: https://firebase.google.com/docs/hosting/frameworks/nextjs
   File a bug: https://github.com/firebase/firebase-tools/issues/new?template=bug_report.md
   Submit a feature request: https://github.com/firebase/firebase-tools/issues/new?template=feature_request.md

   We'd love to learn from you. Express your interest in helping us shape the future of Firebase Hosting: https://goo.gle/41enW5X

[debug] [2026-04-07T07:38:40.845Z] Checked if tokens are valid: true, expires at: 1775551112685
[debug] [2026-04-07T07:38:40.845Z] Checked if tokens are valid: true, expires at: 1775551112685
[debug] [2026-04-07T07:38:40.846Z] >>> [apiv2][query] GET https://firebasehosting.googleapis.com/v1beta1/projects/uniship-4c1a1/sites/uniship-4c1a1 [none]
[debug] [2026-04-07T07:38:41.373Z] <<< [apiv2][status] GET https://firebasehosting.googleapis.com/v1beta1/projects/uniship-4c1a1/sites/uniship-4c1a1 200
[debug] [2026-04-07T07:38:41.373Z] <<< [apiv2][body] GET https://firebasehosting.googleapis.com/v1beta1/projects/uniship-4c1a1/sites/uniship-4c1a1 {"name":"projects/uniship-4c1a1/sites/uniship-4c1a1","defaultUrl":"https://uniship-4c1a1.web.app","type":"DEFAULT_SITE"}
[info] ▲ Next.js 16.1.4 (Turbopack)

[info] - Environments: .env.local


[info]   Creating an optimized production build ...

[info] ✓ Compiled successfully in 4.5s

[info]   Running TypeScript ...

[info]   Collecting page data using 7 workers ...

[info]   Generating static pages using 7 workers (0/33) ...

[info]   Generating static pages using 7 workers (8/33) 

[info]   Generating static pages using 7 workers (16/33) 

[info]   Generating static pages using 7 workers (24/33) 

[info] ✓ Generating static pages using 7 workers (33/33) in 310.7ms

[info]   Finalizing page optimization ...

[info] 

[info] Route (app)
┌ ○ /
├ ○ /_not-found
├ ƒ /api/compile
├ ○ /landing
├ ○ /login
├ ○ /superadmin/create-uniadmin
├ ○ /superadmin/dashboard
├ ○ /superadmin/manage-students
├ ○ /superadmin/manage-uniadmins
├ ○ /superadmin/universities
├ ○ /uniadmin/analysis
├ ○ /uniadmin/create-account
├ ○ /uniadmin/create-event
├ ○ /uniadmin/create-test
├ ○ /uniadmin/dashboard
├ ○ /uniadmin/manage
├ ○ /uniadmin/practice
├ ○ /uniadmin/proctoring
├ ○ /uniadmin/profile
├ ○ /uniadmin/student-database
├ ƒ /uniadmin/students/view/[id]
├ ○ /uniadmin/tests
├ ƒ /uniadmin/tests/review/[id]
├ ○ /user/applications
├ ○ /user/calendar
├ ○ /user/dashboard
├ ○ /user/internships
├ ƒ /user/internships/[id]
├ ○ /user/practice
├ ƒ /user/practice/[id]
├ ○ /user/profile
├ ○ /user/results
├ ƒ /user/results/review/[id]
├ ○ /user/resume
├ ○ /user/resume/download
├ ○ /user/test-portal
└ ƒ /user/test-portal/[id]


[info] 
○  (Static)   prerendered as static content
ƒ  (Dynamic)  server-rendered on demand


[info] Building a Cloud Function to run this application. This is needed due to:
[info]  • non-static component /(protected)/uniadmin/students/view/[id]/page
[info]  • non-static component /(protected)/uniadmin/tests/review/[id]/page
[info]  • non-static component /(protected)/user/internships/[id]/page
[info]  • non-static component /(protected)/user/practice/[id]/page
[info]  • non-static component /(protected)/user/results/review/[id]/page
[debug] [2026-04-07T07:38:52.697Z]  • non-static component /(protected)/user/test-portal/[id]/page
[debug] [2026-04-07T07:38:52.697Z]  • non-static component /api/compile/route
[debug] [2026-04-07T07:38:52.697Z]  • route with server action /uniadmin/create-test
[debug] [2026-04-07T07:38:52.697Z]  • route with server action /uniadmin/practice
[debug] [2026-04-07T07:38:52.697Z]  • route with server action /user/resume
[info]  • and 5 other reasons, use --debug to see more
[info] 
[debug] [2026-04-07T07:38:52.725Z] skipping /uniadmin/create-test due to server action
[debug] [2026-04-07T07:38:52.725Z] skipping /uniadmin/practice due to server action
[debug] [2026-04-07T07:38:52.726Z] skipping /user/resume due to server action
[debug] [2026-04-07T07:38:53.054Z] Checked if tokens are valid: true, expires at: 1775551112685
[debug] [2026-04-07T07:38:53.054Z] Checked if tokens are valid: true, expires at: 1775551112685
[debug] [2026-04-07T07:38:53.054Z] >>> [apiv2][query] GET https://firebasehosting.googleapis.com/v1beta1/projects/uniship-4c1a1/sites/uniship-4c1a1 [none]
[debug] [2026-04-07T07:38:54.019Z] <<< [apiv2][status] GET https://firebasehosting.googleapis.com/v1beta1/projects/uniship-4c1a1/sites/uniship-4c1a1 200
[debug] [2026-04-07T07:38:54.019Z] <<< [apiv2][body] GET https://firebasehosting.googleapis.com/v1beta1/projects/uniship-4c1a1/sites/uniship-4c1a1 {"name":"projects/uniship-4c1a1/sites/uniship-4c1a1","defaultUrl":"https://uniship-4c1a1.web.app","type":"DEFAULT_SITE"}
[debug] [2026-04-07T07:39:19.701Z] [web frameworks] effective firebase.json:  {
  "hosting": [
    {
      "target": "main",
      "source": ".",
      "ignore": [
        "firebase.json",
        "**/.*",
        "**/node_modules/**"
      ],
      "frameworksBackend": {
        "region": "asia-east1"
      },
      "rewrites": [
        {
          "source": "/**",
          "function": {
            "functionId": "ssruniship4c1a1",
            "region": "asia-east1",
            "pinTag": true
          }
        }
      ],
      "site": "uniship-4c1a1",
      "redirects": [],
      "headers": [
        {
          "source": "/user/resume",
          "headers": [
            {
              "key": "x-nextjs-stale-time",
              "value": "300"
            },
            {
              "key": "x-nextjs-prerender",
              "value": "1"
            },
            {
              "key": "x-next-cache-tags",
              "value": "_N_T_/layout,_N_T_/(protected)/layout,_N_T_/(protected)/user/layout,_N_T_/(protected)/user/resume/layout,_N_T_/(protected)/user/resume/page,_N_T_/user/resume"
            }
          ]
        },
        {
          "source": "/_global-error",
          "headers": [
            {
              "key": "x-nextjs-stale-time",
              "value": "300"
            },
            {
              "key": "x-nextjs-prerender",
              "value": "1"
            },
            {
              "key": "x-next-cache-tags",
              "value": "_N_T_/layout,_N_T_/_global-error/layout,_N_T_/_global-error/page,_N_T_/_global-error"
            }
          ]
        },
        {
          "source": "/_not-found",
          "headers": [
            {
              "key": "x-nextjs-stale-time",
              "value": "300"
            },
            {
              "key": "x-nextjs-prerender",
              "value": "1"
            },
            {
              "key": "x-next-cache-tags",
              "value": "_N_T_/layout,_N_T_/_not-found/layout,_N_T_/_not-found/page,_N_T_/_not-found"
            }
          ]
        },
        {
          "source": "/favicon.ico",
          "headers": [
            {
              "key": "cache-control",
              "value": "public, max-age=0, must-revalidate"
            },
            {
              "key": "content-type",
              "value": "image/x-icon"
            },
            {
              "key": "x-next-cache-tags",
              "value": "_N_T_/layout,_N_T_/favicon.ico/layout,_N_T_/favicon.ico/route,_N_T_/favicon.ico"
            }
          ]
        },
        {
          "source": "/landing",
          "headers": [
            {
              "key": "x-nextjs-stale-time",
              "value": "300"
            },
            {
              "key": "x-nextjs-prerender",
              "value": "1"
            },
            {
              "key": "x-next-cache-tags",
              "value": "_N_T_/layout,_N_T_/landing/layout,_N_T_/landing/page,_N_T_/landing"
            }
          ]
        },
        {
          "source": "/login",
          "headers": [
            {
              "key": "x-nextjs-stale-time",
              "value": "300"
            },
            {
              "key": "x-nextjs-prerender",
              "value": "1"
            },
            {
              "key": "x-next-cache-tags",
              "value": "_N_T_/layout,_N_T_/login/layout,_N_T_/login/page,_N_T_/login"
            }
          ]
        },
        {
          "source": "/**/*.[jt]s",
          "headers": [
            {
              "key": "Set-Cookie",
              "value": "__FIREBASE_DEFAULTS__=eyJjb25maWciOnsicHJvamVjdElkIjoidW5pc2hpcC00YzFhMSIsInN0b3JhZ2VCdWNrZXQiOiJ1bmlzaGlwLTRjMWExLmZpcmViYXNlc3RvcmFnZS5hcHAiLCJhcGlLZXkiOiJBSXphU3lEWUFKblZZSTdZREdsenFQVXY2eTVRaWQ4emhBU0taWGMiLCJhdXRoRG9tYWluIjoidW5pc2hpcC00YzFhMS5maXJlYmFzZWFwcC5jb20iLCJtZXNzYWdpbmdTZW5kZXJJZCI6IjEwNTE3NzkwMTYyOTUiLCJwcm9qZWN0TnVtYmVyIjoiMTA1MTc3OTAxNjI5NSIsInZlcnNpb24iOiIyIn0sIl9hdXRoVG9rZW5TeW5jVVJMIjoiL19fc2Vzc2lvbiJ9; SameSite=Strict; Expires=2028-03-01T18:19:19.701Z; Path=/;"
            }
          ]
        }
      ],
      "cleanUrls": true,
      "trailingSlash": false,
      "public": ".firebase/uniship-4c1a1/hosting",
      "webFramework": "next_ssr"
    }
  ],
  "functions": [
    {
      "source": ".firebase/uniship-4c1a1/functions",
      "codebase": "firebase-frameworks-uniship-4c1a1"
    }
  ]
}
[debug] [2026-04-07T07:39:19.702Z] > command requires scopes: ["email","openid","https://www.googleapis.com/auth/cloudplatformprojects.readonly","https://www.googleapis.com/auth/firebase","https://www.googleapis.com/auth/cloud-platform"]
[debug] [2026-04-07T07:39:19.702Z] > authorizing via signed-in user (dibzhost@gmail.com)
[debug] [2026-04-07T07:39:19.702Z] [iam] checking project uniship-4c1a1 for permissions ["cloudfunctions.functions.create","cloudfunctions.functions.delete","cloudfunctions.functions.get","cloudfunctions.functions.list","cloudfunctions.functions.update","cloudfunctions.operations.get","firebase.projects.get"]
[debug] [2026-04-07T07:39:19.702Z] Checked if tokens are valid: true, expires at: 1775551112685
[debug] [2026-04-07T07:39:19.702Z] Checked if tokens are valid: true, expires at: 1775551112685
[debug] [2026-04-07T07:39:19.702Z] >>> [apiv2][query] POST https://cloudresourcemanager.googleapis.com/v1/projects/uniship-4c1a1:testIamPermissions [none]
[debug] [2026-04-07T07:39:19.702Z] >>> [apiv2][(partial)header] POST https://cloudresourcemanager.googleapis.com/v1/projects/uniship-4c1a1:testIamPermissions  x-goog-user-project=uniship-4c1a1
[debug] [2026-04-07T07:39:19.702Z] >>> [apiv2][body] POST https://cloudresourcemanager.googleapis.com/v1/projects/uniship-4c1a1:testIamPermissions {"permissions":["cloudfunctions.functions.create","cloudfunctions.functions.delete","cloudfunctions.functions.get","cloudfunctions.functions.list","cloudfunctions.functions.update","cloudfunctions.operations.get","firebase.projects.get"]}
